e:\ffmpeg_code\fanplayer-master\player-win32\fanplayer\debug\vc120.pdb
e:\ffmpeg_code\fanplayer-master\player-win32\fanplayer\debug\vc120.idb
e:\ffmpeg_code\fanplayer-master\player-win32\fanplayer\debug\adev-cmn.obj
e:\ffmpeg_code\fanplayer-master\player-win32\fanplayer\debug\adev-win.obj
e:\ffmpeg_code\fanplayer-master\player-win32\fanplayer\debug\dxva2hwa.obj
e:\ffmpeg_code\fanplayer-master\player-win32\fanplayer\debug\fanplayer.obj
e:\ffmpeg_code\fanplayer-master\player-win32\fanplayer\debug\ffrender.obj
e:\ffmpeg_code\fanplayer-master\player-win32\fanplayer\debug\pktqueue.obj
e:\ffmpeg_code\fanplayer-master\player-win32\fanplayer\debug\recorder.obj
e:\ffmpeg_code\fanplayer-master\player-win32\fanplayer\debug\snapshot.obj
e:\ffmpeg_code\fanplayer-master\player-win32\fanplayer\debug\vdev-cmn.obj
e:\ffmpeg_code\fanplayer-master\player-win32\fanplayer\debug\vdev-d3d.obj
e:\ffmpeg_code\fanplayer-master\player-win32\fanplayer\debug\vdev-gdi.obj
e:\ffmpeg_code\fanplayer-master\player-win32\fanplayer\debug\veffect.obj
e:\ffmpeg_code\fanplayer-master\player-win32\debug\fanplayer.lib
e:\ffmpeg_code\fanplayer-master\player-win32\debug\fanplayer.exp
e:\ffmpeg_code\fanplayer-master\player-win32\debug\fanplayer.ilk
e:\ffmpeg_code\fanplayer-master\player-win32\debug\fanplayer.dll
e:\ffmpeg_code\fanplayer-master\player-win32\debug\fanplayer.pdb
e:\ffmpeg_code\fanplayer-master\player-win32\fanplayer\debug\fanplayer.tlog\cl.command.1.tlog
e:\ffmpeg_code\fanplayer-master\player-win32\fanplayer\debug\fanplayer.tlog\cl.read.1.tlog
e:\ffmpeg_code\fanplayer-master\player-win32\fanplayer\debug\fanplayer.tlog\cl.write.1.tlog
e:\ffmpeg_code\fanplayer-master\player-win32\fanplayer\debug\fanplayer.tlog\fanplayer.write.1u.tlog
e:\ffmpeg_code\fanplayer-master\player-win32\fanplayer\debug\fanplayer.tlog\link.command.1.tlog
e:\ffmpeg_code\fanplayer-master\player-win32\fanplayer\debug\fanplayer.tlog\link.read.1.tlog
e:\ffmpeg_code\fanplayer-master\player-win32\fanplayer\debug\fanplayer.tlog\link.write.1.tlog
