生成启动时间为 2018/6/29 星期五 下午 19:05:30。
     1>项目“D:\player\Iermu-Aitools\Iermu-Player\player-win32\fanplayer\fanplayer.vcxproj”在节点 2 上(Rebuild 个目标)。
     1>C:\Program Files (x86)\MSBuild\Microsoft.Cpp\v4.0\V120\Microsoft.CppBuild.targets(388,5): warning MSB8028: The intermediate directory (Debug\) contains files shared from another project (iermuplayer.vcxproj).  This can lead to incorrect clean and rebuild behavior.
     1>ClCompile:
         C:\Program Files (x86)\Microsoft Visual Studio 12.0\VC\bin\CL.exe /c /I"..\ffmpeg-win32\include" /I"..\pthreads-win32\include" /I..\dx9sdk\include /ZI /nologo /W3 /WX- /Od /Oy- /D WIN32 /D _DEBUG /D _WINDOWS /D _USRDLL /D FFPLAYER_EXPORTS /D _WINDLL /D _UNICODE /D UNICODE /Gm /EHsc /RTC1 /MTd /GS /fp:precise /Zc:wchar_t /Zc:forScope /Fo"Debug\\" /Fd"Debug\vc120.pdb" /Gd /TP /analyze- /errorReport:prompt "..\..\src\adev-cmn.cpp" "..\..\src\adev-win.cpp" ..\..\src\dxva2hwa.cpp ..\..\src\fanplayer.cpp ..\..\src\ffrender.cpp ..\..\src\pktqueue.cpp ..\..\src\recorder.cpp ..\..\src\snapshot.cpp "..\..\src\vdev-cmn.cpp" "..\..\src\vdev-d3d.cpp" "..\..\src\vdev-gdi.cpp" ..\..\src\veffect.cpp
         veffect.cpp
         vdev-gdi.cpp
         vdev-d3d.cpp
         vdev-cmn.cpp
         snapshot.cpp
         recorder.cpp
         pktqueue.cpp
         ffrender.cpp
         fanplayer.cpp
         dxva2hwa.cpp
         adev-win.cpp
         adev-cmn.cpp
         正在生成代码...
       Link:
         C:\Program Files (x86)\Microsoft Visual Studio 12.0\VC\bin\link.exe /ERRORREPORT:PROMPT /OUT:"D:\player\Iermu-Aitools\Debug\Iermu-Player.dll" /INCREMENTAL /NOLOGO /LIBPATH:"..\ffmpeg-win32\bin" /LIBPATH:"..\pthreads-win32\lib" /LIBPATH:..\dx9sdk\lib d3d9.lib d3dx9.lib winmm.lib msimg32.lib pthread.lib avutil.lib avcodec.lib avformat.lib avdevice.lib avfilter.lib swscale.lib swresample.lib kernel32.lib user32.lib gdi32.lib winspool.lib comdlg32.lib advapi32.lib shell32.lib ole32.lib oleaut32.lib uuid.lib odbc32.lib odbccp32.lib /DEF:"fanplayer.def" /MANIFEST /MANIFESTUAC:"level='asInvoker' uiAccess='false'" /manifest:embed /DEBUG /PDB:"D:\player\Iermu-Aitools\Debug\Iermu-Player.pdb" /SUBSYSTEM:WINDOWS /TLBID:1 /DYNAMICBASE /NXCOMPAT /IMPLIB:"D:\player\Iermu-Aitools\Debug\Iermu-Player.lib" /MACHINE:X86 /SAFESEH /SAFESEH:NO /DLL "Debug\adev-cmn.obj"
         "Debug\adev-win.obj"
         Debug\dxva2hwa.obj
         Debug\fanplayer.obj
         Debug\ffrender.obj
         Debug\pktqueue.obj
         Debug\recorder.obj
         Debug\snapshot.obj
         "Debug\vdev-cmn.obj"
         "Debug\vdev-d3d.obj"
         "Debug\vdev-gdi.obj"
         Debug\veffect.obj
            正在创建库 D:\player\Iermu-Aitools\Debug\Iermu-Player.lib 和对象 D:\player\Iermu-Aitools\Debug\Iermu-Player.exp
         fanplayer.vcxproj -> D:\player\Iermu-Aitools\Debug\Iermu-Player.dll
       PostBuildEvent:
         move  D:\player\Iermu-Aitools\Debug\Iermu-Player.lib D:\player\Iermu-Aitools\Iermu-Aitools\lib
         :VCEnd
         移动了         1 个文件。
     1>已完成生成项目“D:\player\Iermu-Aitools\Iermu-Player\player-win32\fanplayer\fanplayer.vcxproj”(Rebuild 个目标)的操作。

生成成功。

已用时间 00:00:06.53
