d:\player\iermu-aitools\iermu-aitools\release\iermu-aitools.pch
d:\player\iermu-aitools\iermu-aitools\release\vc120.pdb
d:\player\iermu-aitools\iermu-aitools\release\stdafx.obj
d:\player\iermu-aitools\iermu-aitools\release\iermu-aitools.obj
d:\player\iermu-aitools\iermu-aitools\release\xmldocument.obj
d:\player\iermu-aitools\iermu-aitools\release\winfile.obj
d:\player\iermu-aitools\iermu-aitools\release\timerqueue.obj
d:\player\iermu-aitools\iermu-aitools\release\memfile.obj
d:\player\iermu-aitools\iermu-aitools\release\lock.obj
d:\player\iermu-aitools\iermu-aitools\release\iocpnetwork.obj
d:\player\iermu-aitools\iermu-aitools\release\httpserver.obj
d:\player\iermu-aitools\iermu-aitools\release\httpresponseheader.obj
d:\player\iermu-aitools\iermu-aitools\release\httpresponder.obj
d:\player\iermu-aitools\iermu-aitools\release\httprequest.obj
d:\player\iermu-aitools\iermu-aitools\release\httpdef.obj
d:\player\iermu-aitools\iermu-aitools\release\httpcontent.obj
d:\player\iermu-aitools\iermu-aitools\release\httpconfig.obj
d:\player\iermu-aitools\iermu-aitools\release\fcgiresponder.obj
d:\player\iermu-aitools\iermu-aitools\release\fcgirecord.obj
d:\player\iermu-aitools\iermu-aitools\release\fcgifactory.obj
d:\player\iermu-aitools\iermu-aitools\release\fcgicache.obj
d:\player\iermu-aitools\iermu-aitools\release\atw.obj
d:\player\iermu-aitools\iermu-aitools\release\adapterip.obj
d:\player\iermu-aitools\iermu-aitools\release\winsocketclient.obj
d:\player\iermu-aitools\iermu-aitools\release\upnptool.obj
d:\player\iermu-aitools\iermu-aitools\release\threadobject.obj
d:\player\iermu-aitools\iermu-aitools\release\playerinterface.obj
d:\player\iermu-aitools\iermu-aitools\release\maindlg.obj
d:\player\iermu-aitools\iermu-aitools\res\soui_res.rc2
d:\player\iermu-aitools\release\iermu-aitools.exe
d:\player\iermu-aitools\release\iermu-aitools.pdb
d:\player\iermu-aitools\iermu-aitools\release\iermu-aitools.res
d:\player\iermu-aitools\iermu-aitools\release\iermu-aitools.tlog\cl.command.1.tlog
d:\player\iermu-aitools\iermu-aitools\release\iermu-aitools.tlog\cl.read.1.tlog
d:\player\iermu-aitools\iermu-aitools\release\iermu-aitools.tlog\cl.write.1.tlog
d:\player\iermu-aitools\iermu-aitools\release\iermu-aitools.tlog\custombuild.command.1.tlog
d:\player\iermu-aitools\iermu-aitools\release\iermu-aitools.tlog\custombuild.read.1.tlog
d:\player\iermu-aitools\iermu-aitools\release\iermu-aitools.tlog\custombuild.write.1.tlog
d:\player\iermu-aitools\iermu-aitools\release\iermu-aitools.tlog\link.command.1.tlog
d:\player\iermu-aitools\iermu-aitools\release\iermu-aitools.tlog\link.read.1.tlog
d:\player\iermu-aitools\iermu-aitools\release\iermu-aitools.tlog\link.write.1.tlog
d:\player\iermu-aitools\iermu-aitools\release\iermu-aitools.tlog\rc.command.1.tlog
d:\player\iermu-aitools\iermu-aitools\release\iermu-aitools.tlog\rc.read.1.tlog
d:\player\iermu-aitools\iermu-aitools\release\iermu-aitools.tlog\rc.write.1.tlog
