e:\player\iermu-aitools\debug\iermu-aitools.bsc
e:\player\iermu-aitools\iermu-aitools\debug\iermu-aitools.pch
e:\player\iermu-aitools\iermu-aitools\debug\vc120.pdb
e:\player\iermu-aitools\iermu-aitools\debug\vc120.idb
e:\player\iermu-aitools\iermu-aitools\debug\stdafx.sbr
e:\player\iermu-aitools\iermu-aitools\debug\stdafx.obj
e:\player\iermu-aitools\iermu-aitools\debug\winsocketclient.sbr
e:\player\iermu-aitools\iermu-aitools\debug\upnptool.sbr
e:\player\iermu-aitools\iermu-aitools\debug\threadobject.sbr
e:\player\iermu-aitools\iermu-aitools\debug\playerinterface.sbr
e:\player\iermu-aitools\iermu-aitools\debug\maindlg.sbr
e:\player\iermu-aitools\iermu-aitools\debug\iermu-aitools.sbr
e:\player\iermu-aitools\iermu-aitools\debug\xmldocument.sbr
e:\player\iermu-aitools\iermu-aitools\debug\winfile.sbr
e:\player\iermu-aitools\iermu-aitools\debug\timerqueue.sbr
e:\player\iermu-aitools\iermu-aitools\debug\memfile.sbr
e:\player\iermu-aitools\iermu-aitools\debug\lock.sbr
e:\player\iermu-aitools\iermu-aitools\debug\iocpnetwork.sbr
e:\player\iermu-aitools\iermu-aitools\debug\httpserver.sbr
e:\player\iermu-aitools\iermu-aitools\debug\httpresponseheader.sbr
e:\player\iermu-aitools\iermu-aitools\debug\httpresponder.sbr
e:\player\iermu-aitools\iermu-aitools\debug\httprequest.sbr
e:\player\iermu-aitools\iermu-aitools\debug\httpdef.sbr
e:\player\iermu-aitools\iermu-aitools\debug\httpcontent.sbr
e:\player\iermu-aitools\iermu-aitools\debug\httpconfig.sbr
e:\player\iermu-aitools\iermu-aitools\debug\fcgiresponder.sbr
e:\player\iermu-aitools\iermu-aitools\debug\fcgiresponder.obj
e:\player\iermu-aitools\iermu-aitools\debug\httpconfig.obj
e:\player\iermu-aitools\iermu-aitools\debug\httpcontent.obj
e:\player\iermu-aitools\iermu-aitools\debug\httpdef.obj
e:\player\iermu-aitools\iermu-aitools\debug\httprequest.obj
e:\player\iermu-aitools\iermu-aitools\debug\httpresponder.obj
e:\player\iermu-aitools\iermu-aitools\debug\httpresponseheader.obj
e:\player\iermu-aitools\iermu-aitools\debug\httpserver.obj
e:\player\iermu-aitools\iermu-aitools\debug\iocpnetwork.obj
e:\player\iermu-aitools\iermu-aitools\debug\lock.obj
e:\player\iermu-aitools\iermu-aitools\debug\memfile.obj
e:\player\iermu-aitools\iermu-aitools\debug\timerqueue.obj
e:\player\iermu-aitools\iermu-aitools\debug\winfile.obj
e:\player\iermu-aitools\iermu-aitools\debug\xmldocument.obj
e:\player\iermu-aitools\iermu-aitools\debug\iermu-aitools.obj
e:\player\iermu-aitools\iermu-aitools\debug\maindlg.obj
e:\player\iermu-aitools\iermu-aitools\debug\playerinterface.obj
e:\player\iermu-aitools\iermu-aitools\debug\threadobject.obj
e:\player\iermu-aitools\iermu-aitools\debug\upnptool.obj
e:\player\iermu-aitools\iermu-aitools\debug\winsocketclient.obj
e:\player\iermu-aitools\iermu-aitools\debug\fcgirecord.sbr
e:\player\iermu-aitools\iermu-aitools\debug\fcgifactory.sbr
e:\player\iermu-aitools\iermu-aitools\debug\fcgicache.sbr
e:\player\iermu-aitools\iermu-aitools\debug\atw.sbr
e:\player\iermu-aitools\iermu-aitools\debug\adapterip.sbr
e:\player\iermu-aitools\iermu-aitools\debug\adapterip.obj
e:\player\iermu-aitools\iermu-aitools\debug\atw.obj
e:\player\iermu-aitools\iermu-aitools\debug\fcgicache.obj
e:\player\iermu-aitools\iermu-aitools\debug\fcgifactory.obj
e:\player\iermu-aitools\iermu-aitools\debug\fcgirecord.obj
e:\player\iermu-aitools\iermu-aitools\res\soui_res.rc2
e:\player\iermu-aitools\debug\iermu-aitools.ilk
e:\player\iermu-aitools\debug\iermu-aitools.exe
e:\player\iermu-aitools\debug\iermu-aitools.pdb
e:\player\iermu-aitools\iermu-aitools\debug\iermu-aitools.res
e:\player\iermu-aitools\iermu-aitools\debug\iermu-aitools.tlog\bscmake.command.1.tlog
e:\player\iermu-aitools\iermu-aitools\debug\iermu-aitools.tlog\bscmake.read.1.tlog
e:\player\iermu-aitools\iermu-aitools\debug\iermu-aitools.tlog\bscmake.write.1.tlog
e:\player\iermu-aitools\iermu-aitools\debug\iermu-aitools.tlog\cl.command.1.tlog
e:\player\iermu-aitools\iermu-aitools\debug\iermu-aitools.tlog\cl.read.1.tlog
e:\player\iermu-aitools\iermu-aitools\debug\iermu-aitools.tlog\cl.write.1.tlog
e:\player\iermu-aitools\iermu-aitools\debug\iermu-aitools.tlog\custombuild.command.1.tlog
e:\player\iermu-aitools\iermu-aitools\debug\iermu-aitools.tlog\custombuild.read.1.tlog
e:\player\iermu-aitools\iermu-aitools\debug\iermu-aitools.tlog\custombuild.write.1.tlog
e:\player\iermu-aitools\iermu-aitools\debug\iermu-aitools.tlog\link.command.1.tlog
e:\player\iermu-aitools\iermu-aitools\debug\iermu-aitools.tlog\link.read.1.tlog
e:\player\iermu-aitools\iermu-aitools\debug\iermu-aitools.tlog\link.write.1.tlog
e:\player\iermu-aitools\iermu-aitools\debug\iermu-aitools.tlog\rc.command.1.tlog
e:\player\iermu-aitools\iermu-aitools\debug\iermu-aitools.tlog\rc.read.1.tlog
e:\player\iermu-aitools\iermu-aitools\debug\iermu-aitools.tlog\rc.write.1.tlog
